2023-01-27 11:33:15,395 [1] INFO GeneralLogs - Iniciando Servicio Actualizaciones Xtam Windows...
 2023-01-27 11:33:35,486 [4] INFO GeneralLogs - Inicio procesamiento busqueda de actualizaciones 27/01/2023/ 11:33:35
 2023-01-27 11:33:35,490 [4] INFO GeneralLogs -  GETSITES() http://localhost:3000/api/sendUpdate/
 2023-01-27 11:36:16,590 [1] INFO GeneralLogs - Iniciando Servicio Actualizaciones Xtam Windows...
 2023-01-27 11:36:36,663 [4] INFO GeneralLogs - Inicio procesamiento busqueda de actualizaciones 27/01/2023/ 11:36:36
 2023-01-27 11:36:36,666 [4] INFO GeneralLogs -  GETSITES() http://localhost:3000/api/sendUpdate/
 2023-01-27 11:37:33,884 [1] INFO GeneralLogs - Iniciando Servicio Actualizaciones Xtam Windows...
 2023-01-27 11:37:53,969 [4] INFO GeneralLogs - Inicio procesamiento busqueda de actualizaciones 27/01/2023/ 11:37:53
 2023-01-27 11:37:53,972 [4] INFO GeneralLogs -  GETSITES() http://localhost:3000/api/sendUpdate/
 2023-01-27 14:58:16,488 [1] INFO GeneralLogs - Iniciando Servicio Actualizaciones Xtam Windows...
 2023-01-27 14:58:36,539 [7] INFO GeneralLogs - Inicio procesamiento busqueda de actualizaciones 27/01/2023/ 14:58:36
 2023-01-27 14:59:25,270 [1] INFO GeneralLogs - Iniciando Servicio Actualizaciones Xtam Windows...
 2023-01-27 14:59:45,316 [5] INFO GeneralLogs - Inicio procesamiento busqueda de actualizaciones 27/01/2023/ 14:59:45
 2023-01-27 15:15:38,037 [1] INFO GeneralLogs - Iniciando Servicio Actualizaciones Xtam Windows...
 2023-01-27 15:15:58,097 [7] INFO GeneralLogs - Inicio procesamiento busqueda de actualizaciones 27/01/2023/ 15:15:58
 2023-01-27 15:18:34,005 [1] INFO GeneralLogs - Iniciando Servicio Actualizaciones Xtam Windows...
 2023-01-27 15:18:54,049 [5] INFO GeneralLogs - Inicio procesamiento busqueda de actualizaciones 27/01/2023/ 15:18:54
 2023-01-27 15:32:01,477 [1] INFO GeneralLogs - Iniciando Servicio Actualizaciones Xtam Windows...
 2023-01-27 15:32:21,526 [4] INFO GeneralLogs - Inicio procesamiento busqueda de actualizaciones 27/01/2023/ 15:32:21
 2023-01-27 15:38:48,664 [1] INFO GeneralLogs - Iniciando Servicio Actualizaciones Xtam Windows...
 2023-01-27 15:39:08,716 [4] INFO GeneralLogs - Inicio procesamiento busqueda de actualizaciones 27/01/2023/ 15:39:08
 2023-01-27 15:40:05,668 [1] INFO GeneralLogs - Iniciando Servicio Actualizaciones Xtam Windows...
 2023-01-27 15:40:25,718 [5] INFO GeneralLogs - Inicio procesamiento busqueda de actualizaciones 27/01/2023/ 15:40:25
 2023-01-27 15:46:40,709 [1] INFO GeneralLogs - Iniciando Servicio Actualizaciones Xtam Windows...
 2023-01-27 15:47:00,746 [4] INFO GeneralLogs - Inicio procesamiento busqueda de actualizaciones 27/01/2023/ 15:47:00
 2023-01-27 15:48:46,317 [1] INFO GeneralLogs - Iniciando Servicio Actualizaciones Xtam Windows...
 2023-01-27 15:49:06,369 [4] INFO GeneralLogs - Inicio procesamiento busqueda de actualizaciones 27/01/2023/ 15:49:06
 2023-01-27 16:02:34,421 [1] INFO GeneralLogs - Iniciando Servicio Actualizaciones Xtam Windows...
 2023-01-27 16:02:54,466 [7] INFO GeneralLogs - Inicio procesamiento busqueda de actualizaciones 27/01/2023/ 16:02:54
 2023-01-27 16:08:24,128 [1] INFO GeneralLogs - Iniciando Servicio Actualizaciones Xtam Windows...
 2023-01-27 16:08:44,184 [4] INFO GeneralLogs - Inicio procesamiento busqueda de actualizaciones 27/01/2023/ 16:08:44
 2023-01-27 16:09:57,430 [1] INFO GeneralLogs - Iniciando Servicio Actualizaciones Xtam Windows...
 2023-01-27 16:10:17,467 [5] INFO GeneralLogs - Inicio procesamiento busqueda de actualizaciones 27/01/2023/ 16:10:17
 2023-01-27 16:12:58,006 [1] INFO GeneralLogs - Iniciando Servicio Actualizaciones Xtam Windows...
 2023-01-27 16:13:18,056 [4] INFO GeneralLogs - Inicio procesamiento busqueda de actualizaciones 27/01/2023/ 16:13:18
 2023-01-27 16:21:25,844 [1] INFO GeneralLogs - Iniciando Servicio Actualizaciones Xtam Windows...
 2023-01-27 16:21:45,883 [7] INFO GeneralLogs - Inicio procesamiento busqueda de actualizaciones 27/01/2023/ 16:21:45
 2023-01-30 15:01:44,279 [1] INFO GeneralLogs - Iniciando Servicio Actualizaciones Xtam Windows...
 2023-01-30 15:02:04,338 [4] INFO GeneralLogs - Inicio procesamiento busqueda de actualizaciones 30/01/2023/ 15:02:04
 2023-01-30 15:09:03,426 [1] INFO GeneralLogs - Iniciando Servicio Actualizaciones Xtam Windows...
 2023-01-30 15:09:23,552 [7] INFO GeneralLogs - Inicio procesamiento busqueda de actualizaciones 30/01/2023/ 15:09:23
 2023-01-30 15:10:16,727 [1] INFO GeneralLogs - Iniciando Servicio Actualizaciones Xtam Windows...
 2023-01-30 15:10:36,782 [4] INFO GeneralLogs - Inicio procesamiento busqueda de actualizaciones 30/01/2023/ 15:10:36
 2023-01-30 15:20:25,256 [1] INFO GeneralLogs - Iniciando Servicio Actualizaciones Xtam Windows...
 2023-01-30 15:20:45,334 [4] INFO GeneralLogs - Inicio procesamiento busqueda de actualizaciones 30/01/2023/ 15:20:45
 2023-01-30 15:21:05,304 [4] INFO GeneralLogs - Inicio procesamiento busqueda de actualizaciones 30/01/2023/ 15:21:05
 2023-01-30 15:21:48,816 [1] INFO GeneralLogs - Iniciando Servicio Actualizaciones Xtam Windows...
 2023-01-30 15:22:08,879 [5] INFO GeneralLogs - Inicio procesamiento busqueda de actualizaciones 30/01/2023/ 15:22:08
 2023-01-30 15:28:30,180 [1] INFO GeneralLogs - Iniciando Servicio Actualizaciones Xtam Windows...
 2023-01-30 15:28:50,236 [5] INFO GeneralLogs - Inicio procesamiento busqueda de actualizaciones 30/01/2023/ 15:28:50
 2023-01-30 15:33:48,375 [1] INFO GeneralLogs - Iniciando Servicio Actualizaciones Xtam Windows...
 2023-01-30 15:34:08,461 [7] INFO GeneralLogs - Inicio procesamiento busqueda de actualizaciones 30/01/2023/ 15:34:08
 2023-01-30 15:35:36,903 [1] INFO GeneralLogs - Iniciando Servicio Actualizaciones Xtam Windows...
 2023-01-30 15:35:56,974 [7] INFO GeneralLogs - Inicio procesamiento busqueda de actualizaciones 30/01/2023/ 15:35:56
 2023-01-30 15:35:57,215 [7] INFO GeneralLogs - El quipo con la siguiente ip; 127.0.0.1 no tiene actualizaciones disponibles 30/01/2023/ 15:35:57
 2023-01-30 15:49:28,901 [1] INFO GeneralLogs - Iniciando Servicio Actualizaciones Xtam Windows...
 2023-01-30 15:49:48,972 [7] INFO GeneralLogs - Inicio procesamiento busqueda de actualizaciones 30/01/2023/ 15:49:48
 2023-01-30 15:50:08,946 [7] INFO GeneralLogs - Inicio procesamiento busqueda de actualizaciones 30/01/2023/ 15:50:08
 2023-01-30 15:50:28,951 [7] INFO GeneralLogs - Inicio procesamiento busqueda de actualizaciones 30/01/2023/ 15:50:28
 2023-01-30 15:57:23,558 [1] INFO GeneralLogs - Iniciando Servicio Actualizaciones Xtam Windows...
 2023-01-30 15:57:43,632 [7] INFO GeneralLogs - Inicio procesamiento busqueda de actualizaciones 30/01/2023/ 15:57:43
 2023-01-30 16:31:10,534 [1] INFO GeneralLogs - Iniciando Servicio Actualizaciones Xtam Windows...
 2023-01-30 16:31:30,610 [5] INFO GeneralLogs - Inicio procesamiento busqueda de actualizaciones 30/01/2023/ 16:31:30
 2023-01-30 16:33:18,411 [1] INFO GeneralLogs - Iniciando Servicio Actualizaciones Xtam Windows...
 2023-01-30 16:33:38,494 [5] INFO GeneralLogs - Inicio procesamiento busqueda de actualizaciones 30/01/2023/ 16:33:38
 2023-02-06 10:41:59,648 [1] INFO GeneralLogs - Iniciando Servicio Actualizaciones Xtam Windows...
 2023-02-06 10:42:19,734 [7] INFO GeneralLogs - Inicio procesamiento busqueda de actualizaciones 06/02/2023/ 10:42:19
 2023-02-06 10:44:32,916 [1] INFO GeneralLogs - Iniciando Servicio Actualizaciones Xtam Windows...
 2023-02-06 10:44:52,991 [4] INFO GeneralLogs - Inicio procesamiento busqueda de actualizaciones 06/02/2023/ 10:44:52
 2023-02-06 10:53:25,656 [1] INFO GeneralLogs - Iniciando Servicio Actualizaciones Xtam Windows...
 2023-02-06 10:53:45,705 [5] INFO GeneralLogs - Inicio procesamiento busqueda de actualizaciones 06/02/2023/ 10:53:45
 2023-02-06 10:55:20,168 [1] INFO GeneralLogs - Iniciando Servicio Actualizaciones Xtam Windows...
 2023-02-06 10:55:40,208 [7] INFO GeneralLogs - Inicio procesamiento busqueda de actualizaciones 06/02/2023/ 10:55:40
 2023-02-06 10:59:59,228 [1] INFO GeneralLogs - Iniciando Servicio Actualizaciones Xtam Windows...
 2023-02-06 11:00:19,275 [4] INFO GeneralLogs - Inicio procesamiento busqueda de actualizaciones 06/02/2023/ 11:00:19
 2023-02-06 11:01:01,404 [1] INFO GeneralLogs - Iniciando Servicio Actualizaciones Xtam Windows...
 2023-02-06 11:01:21,473 [4] INFO GeneralLogs - Inicio procesamiento busqueda de actualizaciones 06/02/2023/ 11:01:21
 2023-02-06 11:03:48,218 [1] INFO GeneralLogs - Iniciando Servicio Actualizaciones Xtam Windows...
 2023-02-06 11:04:08,293 [4] INFO GeneralLogs - Inicio procesamiento busqueda de actualizaciones 06/02/2023/ 11:04:08
 2023-02-06 11:07:36,682 [1] INFO GeneralLogs - Iniciando Servicio Actualizaciones Xtam Windows...
 2023-02-06 11:07:56,744 [5] INFO GeneralLogs - Inicio procesamiento busqueda de actualizaciones 06/02/2023/ 11:07:56
 2023-02-06 11:09:40,558 [1] INFO GeneralLogs - Iniciando Servicio Actualizaciones Xtam Windows...
 2023-02-06 11:10:00,617 [4] INFO GeneralLogs - Inicio procesamiento busqueda de actualizaciones 06/02/2023/ 11:10:00
 2023-02-06 11:10:32,733 [1] INFO GeneralLogs - Iniciando Servicio Actualizaciones Xtam Windows...
 2023-02-06 11:10:52,796 [4] INFO GeneralLogs - Inicio procesamiento busqueda de actualizaciones 06/02/2023/ 11:10:52
 2023-02-06 11:38:11,279 [1] INFO GeneralLogs - Iniciando Servicio Actualizaciones Xtam Windows...
 2023-02-06 11:38:31,314 [4] INFO GeneralLogs - Inicio procesamiento busqueda de actualizaciones 06/02/2023/ 11:38:31
 2023-02-06 11:39:52,431 [1] INFO GeneralLogs - Iniciando Servicio Actualizaciones Xtam Windows...
 2023-02-06 11:40:12,503 [7] INFO GeneralLogs - Inicio procesamiento busqueda de actualizaciones 06/02/2023/ 11:40:12
 2023-02-06 11:43:49,127 [1] INFO GeneralLogs - Iniciando Servicio Actualizaciones Xtam Windows...
 2023-02-06 11:44:09,181 [5] INFO GeneralLogs - Inicio procesamiento busqueda de actualizaciones 06/02/2023/ 11:44:09
 2023-02-06 12:12:01,665 [1] INFO GeneralLogs - Iniciando Servicio Actualizaciones Xtam Windows...
 2023-02-06 12:12:21,744 [7] INFO GeneralLogs - Inicio procesamiento busqueda de actualizaciones 06/02/2023/ 12:12:21
 2023-02-06 14:49:15,286 [1] INFO GeneralLogs - Iniciando Servicio Actualizaciones Xtam Windows...
 2023-02-06 14:49:35,339 [5] INFO GeneralLogs - Inicio procesamiento busqueda de actualizaciones 06/02/2023/ 14:49:35
 2023-02-06 14:51:25,283 [1] INFO GeneralLogs - Iniciando Servicio Actualizaciones Xtam Windows...
 2023-02-06 14:51:45,333 [7] INFO GeneralLogs - Inicio procesamiento busqueda de actualizaciones 06/02/2023/ 14:51:45
 2023-02-06 14:52:42,410 [1] INFO GeneralLogs - Iniciando Servicio Actualizaciones Xtam Windows...
 2023-02-06 14:52:55,325 [1] INFO GeneralLogs - Iniciando Servicio Actualizaciones Xtam Windows...
 2023-02-06 14:53:15,396 [7] INFO GeneralLogs - Inicio procesamiento busqueda de actualizaciones 06/02/2023/ 14:53:15
 2023-02-06 14:54:48,799 [1] INFO GeneralLogs - Iniciando Servicio Actualizaciones Xtam Windows...
 2023-02-06 14:55:08,859 [4] INFO GeneralLogs - Inicio procesamiento busqueda de actualizaciones 06/02/2023/ 14:55:08
 2023-02-06 14:57:00,168 [1] INFO GeneralLogs - Iniciando Servicio Actualizaciones Xtam Windows...
 2023-02-06 14:57:20,229 [7] INFO GeneralLogs - Inicio procesamiento busqueda de actualizaciones 06/02/2023/ 14:57:20
 2023-02-06 14:58:57,808 [1] INFO GeneralLogs - Iniciando Servicio Actualizaciones Xtam Windows...
 2023-02-06 14:59:17,868 [7] INFO GeneralLogs - Inicio procesamiento busqueda de actualizaciones 06/02/2023/ 14:59:17
 2023-02-06 15:01:57,214 [1] INFO GeneralLogs - Iniciando Servicio Actualizaciones Xtam Windows...
 2023-02-06 15:02:17,265 [7] INFO GeneralLogs - Inicio procesamiento busqueda de actualizaciones 06/02/2023/ 15:02:17
 2023-02-06 15:02:17,478 [7] INFO GeneralLogs - El quipo con la siguiente ip; 127.0.0.1 no tiene actualizaciones disponibles 06/02/2023/ 15:02:17
 2023-02-06 15:04:32,840 [1] INFO GeneralLogs - Iniciando Servicio Actualizaciones Xtam Windows...
 2023-02-06 15:04:52,893 [5] INFO GeneralLogs - Inicio procesamiento busqueda de actualizaciones 06/02/2023/ 15:04:52
 2023-02-06 15:14:04,157 [1] INFO GeneralLogs - Iniciando Servicio Actualizaciones Xtam Windows...
 2023-02-06 15:14:24,197 [7] INFO GeneralLogs - Inicio procesamiento busqueda de actualizaciones 06/02/2023/ 15:14:24
 2023-02-06 15:15:13,805 [1] INFO GeneralLogs - Iniciando Servicio Actualizaciones Xtam Windows...
 2023-02-06 15:15:33,859 [4] INFO GeneralLogs - Inicio procesamiento busqueda de actualizaciones 06/02/2023/ 15:15:33
 2023-02-06 15:17:42,727 [1] INFO GeneralLogs - Iniciando Servicio Actualizaciones Xtam Windows...
 2023-02-06 15:18:02,772 [7] INFO GeneralLogs - Inicio procesamiento busqueda de actualizaciones 06/02/2023/ 15:18:02
 2023-02-06 15:22:38,252 [1] INFO GeneralLogs - Iniciando Servicio Actualizaciones Xtam Windows...
 2023-02-06 15:22:58,323 [7] INFO GeneralLogs - Inicio procesamiento busqueda de actualizaciones 06/02/2023/ 15:22:58
 2023-02-06 15:24:23,664 [1] INFO GeneralLogs - Iniciando Servicio Actualizaciones Xtam Windows...
 2023-02-06 15:24:43,712 [4] INFO GeneralLogs - Inicio procesamiento busqueda de actualizaciones 06/02/2023/ 15:24:43
 2023-02-06 15:28:11,105 [1] INFO GeneralLogs - Iniciando Servicio Actualizaciones Xtam Windows...
 2023-02-06 15:28:31,180 [5] INFO GeneralLogs - Inicio procesamiento busqueda de actualizaciones 06/02/2023/ 15:28:31
 2023-02-06 15:49:40,685 [1] INFO GeneralLogs - Iniciando Servicio Actualizaciones Xtam Windows...
 2023-02-06 15:50:00,768 [4] INFO GeneralLogs - Inicio procesamiento busqueda de actualizaciones 06/02/2023/ 15:50:00
 2023-02-06 15:50:51,864 [1] INFO GeneralLogs - Iniciando Servicio Actualizaciones Xtam Windows...
 2023-02-06 15:51:11,914 [4] INFO GeneralLogs - Inicio procesamiento busqueda de actualizaciones 06/02/2023/ 15:51:11
 2023-02-06 16:01:25,011 [1] INFO GeneralLogs - Iniciando Servicio Actualizaciones Xtam Windows...
 2023-02-06 16:01:45,047 [7] INFO GeneralLogs - Inicio procesamiento busqueda de actualizaciones 06/02/2023/ 16:01:45
 2023-02-06 16:01:45,386 [7] INFO GeneralLogs - Se llevo a cabo la actualizacion de manera correcta 
 2023-02-13 14:43:22,137 [1] INFO GeneralLogs - Iniciando Servicio Actualizaciones Xtam Windows...
 2023-02-13 15:12:32,766 [1] INFO GeneralLogs - Iniciando Servicio Actualizaciones Xtam Windows...
 2023-02-13 15:14:16,694 [1] INFO GeneralLogs - Iniciando Servicio Actualizaciones Xtam Windows...
 2023-02-13 15:17:23,925 [1] INFO GeneralLogs - Iniciando Servicio Actualizaciones Xtam Windows...
 2023-02-13 15:19:18,859 [1] INFO GeneralLogs - Iniciando Servicio Actualizaciones Xtam Windows...
 2023-02-13 15:34:45,645 [1] INFO GeneralLogs - Iniciando Servicio Actualizaciones Xtam Windows...
 2023-02-13 15:36:51,845 [1] INFO GeneralLogs - Iniciando Servicio Actualizaciones Xtam Windows...
 2023-02-13 15:39:29,392 [1] INFO GeneralLogs - Iniciando Servicio Actualizaciones Xtam Windows...
 2023-02-13 15:42:08,627 [1] INFO GeneralLogs - Iniciando Servicio Actualizaciones Xtam Windows...
 2023-02-13 15:48:42,996 [1] INFO GeneralLogs - Iniciando Servicio Actualizaciones Xtam Windows...
 2023-02-13 15:52:01,014 [1] INFO GeneralLogs - Iniciando Servicio Actualizaciones Xtam Windows...
 2023-02-13 15:54:22,855 [1] INFO GeneralLogs - Iniciando Servicio Actualizaciones Xtam Windows...
 2023-02-13 15:55:15,206 [1] INFO GeneralLogs - Iniciando Servicio Actualizaciones Xtam Windows...
 2023-02-13 15:59:23,779 [1] INFO GeneralLogs - Iniciando Servicio Actualizaciones Xtam Windows...
 2023-02-13 16:01:41,351 [1] INFO GeneralLogs - Iniciando Servicio Actualizaciones Xtam Windows...
 2023-02-13 16:02:40,500 [1] INFO GeneralLogs - Iniciando Servicio Actualizaciones Xtam Windows...
 2023-02-13 16:04:10,438 [1] INFO GeneralLogs - Iniciando Servicio Actualizaciones Xtam Windows...
 2023-02-13 16:10:59,545 [1] INFO GeneralLogs - Iniciando Servicio Actualizaciones Xtam Windows...
 2023-02-13 16:13:16,196 [1] INFO GeneralLogs - Iniciando Servicio Actualizaciones Xtam Windows...
 2023-02-20 10:20:38,654 [1] INFO GeneralLogs - Iniciando Servicio Actualizaciones Xtam Windows...
 2023-02-20 10:24:02,908 [1] INFO GeneralLogs - Iniciando Servicio Actualizaciones Xtam Windows...
 2023-02-20 11:04:27,178 [1] INFO GeneralLogs - Iniciando Servicio Actualizaciones Xtam Windows...
 2023-02-20 11:10:33,090 [1] INFO GeneralLogs - Iniciando Servicio Actualizaciones Xtam Windows...
 2023-02-20 11:40:32,650 [1] INFO GeneralLogs - Iniciando Servicio Actualizaciones Xtam Windows...
 2023-02-20 11:42:55,808 [1] INFO GeneralLogs - Iniciando Servicio Actualizaciones Xtam Windows...
 2023-02-20 11:55:05,365 [1] INFO GeneralLogs - Iniciando Servicio Actualizaciones Xtam Windows...
 2023-02-20 11:56:08,336 [1] INFO GeneralLogs - Iniciando Servicio Actualizaciones Xtam Windows...
 2023-02-20 11:58:32,014 [1] INFO GeneralLogs - Iniciando Servicio Actualizaciones Xtam Windows...
 2023-02-20 12:07:49,996 [1] INFO GeneralLogs - Iniciando Servicio Actualizaciones Xtam Windows...
 2023-02-20 12:08:10,219 [5] INFO GeneralLogs - Inicio procesamiento busqueda de actualizaciones 20/02/2023/ 12:08:10
 2023-02-20 12:08:30,054 [5] INFO GeneralLogs - Inicio procesamiento busqueda de actualizaciones 20/02/2023/ 12:08:30
 2023-02-20 12:10:46,833 [1] INFO GeneralLogs - Iniciando Servicio Actualizaciones Xtam Windows...
 2023-02-20 12:11:07,018 [5] INFO GeneralLogs - Inicio procesamiento busqueda de actualizaciones 20/02/2023/ 12:11:07
 2023-02-20 12:11:07,267 [5] INFO GeneralLogs - El quipo con la siguiente ip; 192.168.128.10 no tiene actualizaciones disponibles 20/02/2023/ 12:11:07
 2023-02-20 12:15:59,915 [1] INFO GeneralLogs - Iniciando Servicio Actualizaciones Xtam Windows...
 2023-02-20 12:16:20,155 [5] INFO GeneralLogs - Inicio procesamiento busqueda de actualizaciones 20/02/2023/ 12:16:20
 2023-02-20 12:17:22,234 [1] INFO GeneralLogs - Iniciando Servicio Actualizaciones Xtam Windows...
 2023-02-20 12:17:42,485 [7] INFO GeneralLogs - Inicio procesamiento busqueda de actualizaciones 20/02/2023/ 12:17:42
 2023-02-20 12:20:56,923 [1] INFO GeneralLogs - Iniciando Servicio Actualizaciones Xtam Windows...
 2023-02-20 12:21:17,132 [5] INFO GeneralLogs - Inicio procesamiento busqueda de actualizaciones 20/02/2023/ 12:21:17
 2023-02-20 12:23:45,051 [1] INFO GeneralLogs - Iniciando Servicio Actualizaciones Xtam Windows...
 2023-02-20 12:24:05,260 [5] INFO GeneralLogs - Inicio procesamiento busqueda de actualizaciones 20/02/2023/ 12:24:05
 2023-02-20 12:26:53,170 [1] INFO GeneralLogs - Iniciando Servicio Actualizaciones Xtam Windows...
 2023-02-20 12:27:13,402 [7] INFO GeneralLogs - Inicio procesamiento busqueda de actualizaciones 20/02/2023/ 12:27:13
 2023-02-20 12:28:34,662 [1] INFO GeneralLogs - Iniciando Servicio Actualizaciones Xtam Windows...
 2023-02-20 12:28:54,888 [5] INFO GeneralLogs - Inicio procesamiento busqueda de actualizaciones 20/02/2023/ 12:28:54
 2023-02-20 12:31:41,392 [1] INFO GeneralLogs - Iniciando Servicio Actualizaciones Xtam Windows...
 2023-02-20 12:32:01,577 [5] INFO GeneralLogs - Inicio procesamiento busqueda de actualizaciones 20/02/2023/ 12:32:01
 2023-02-20 12:43:16,721 [1] INFO GeneralLogs - Iniciando Servicio Actualizaciones Xtam Windows...
 2023-02-20 12:43:37,123 [5] INFO GeneralLogs - Inicio procesamiento busqueda de actualizaciones 20/02/2023/ 12:43:37
 2023-02-20 12:44:04,333 [1] INFO GeneralLogs - Iniciando Servicio Actualizaciones Xtam Windows...
 2023-02-20 12:44:24,674 [5] INFO GeneralLogs - Inicio procesamiento busqueda de actualizaciones 20/02/2023/ 12:44:24
 2023-02-20 12:46:05,794 [1] INFO GeneralLogs - Iniciando Servicio Actualizaciones Xtam Windows...
 2023-02-20 12:46:26,237 [5] INFO GeneralLogs - Inicio procesamiento busqueda de actualizaciones 20/02/2023/ 12:46:26
 2023-02-20 12:50:46,777 [1] INFO GeneralLogs - Iniciando Servicio Actualizaciones Xtam Windows...
 2023-02-20 12:51:06,964 [4] INFO GeneralLogs - Inicio procesamiento busqueda de actualizaciones 20/02/2023/ 12:51:06
 2023-02-20 12:55:04,873 [1] INFO GeneralLogs - Iniciando Servicio Actualizaciones Xtam Windows...
 2023-02-20 12:55:25,074 [4] INFO GeneralLogs - Inicio procesamiento busqueda de actualizaciones 20/02/2023/ 12:55:25
 2023-02-20 12:56:36,300 [1] INFO GeneralLogs - Iniciando Servicio Actualizaciones Xtam Windows...
 2023-02-20 12:56:56,479 [7] INFO GeneralLogs - Inicio procesamiento busqueda de actualizaciones 20/02/2023/ 12:56:56
 2023-02-20 12:57:49,500 [1] INFO GeneralLogs - Iniciando Servicio Actualizaciones Xtam Windows...
 2023-02-20 12:58:09,665 [4] INFO GeneralLogs - Inicio procesamiento busqueda de actualizaciones 20/02/2023/ 12:58:09
 2023-02-20 12:59:24,330 [1] INFO GeneralLogs - Iniciando Servicio Actualizaciones Xtam Windows...
 2023-02-20 12:59:44,488 [5] INFO GeneralLogs - Inicio procesamiento busqueda de actualizaciones 20/02/2023/ 12:59:44
 2023-02-20 13:03:59,078 [1] INFO GeneralLogs - Iniciando Servicio Actualizaciones Xtam Windows...
 2023-02-20 13:04:19,246 [4] INFO GeneralLogs - Inicio procesamiento busqueda de actualizaciones 20/02/2023/ 13:04:19
 2023-02-20 13:05:56,912 [1] INFO GeneralLogs - Iniciando Servicio Actualizaciones Xtam Windows...
 2023-02-20 13:06:09,797 [1] INFO GeneralLogs - Iniciando Servicio Actualizaciones Xtam Windows...
 2023-02-20 13:06:29,962 [4] INFO GeneralLogs - Inicio procesamiento busqueda de actualizaciones 20/02/2023/ 13:06:29
 2023-02-20 13:10:01,371 [1] INFO GeneralLogs - Iniciando Servicio Actualizaciones Xtam Windows...
 2023-02-20 13:10:21,522 [7] INFO GeneralLogs - Inicio procesamiento busqueda de actualizaciones 20/02/2023/ 13:10:21
 2023-02-20 13:11:10,060 [1] INFO GeneralLogs - Iniciando Servicio Actualizaciones Xtam Windows...
 2023-02-20 13:11:30,213 [4] INFO GeneralLogs - Inicio procesamiento busqueda de actualizaciones 20/02/2023/ 13:11:30
 2023-02-20 13:13:47,164 [1] INFO GeneralLogs - Iniciando Servicio Actualizaciones Xtam Windows...
 2023-02-20 13:14:07,342 [7] INFO GeneralLogs - Inicio procesamiento busqueda de actualizaciones 20/02/2023/ 13:14:07
 2023-02-20 13:16:34,920 [1] INFO GeneralLogs - Iniciando Servicio Actualizaciones Xtam Windows...
 2023-02-20 13:16:55,078 [5] INFO GeneralLogs - Inicio procesamiento busqueda de actualizaciones 20/02/2023/ 13:16:55
 2023-02-20 13:20:01,175 [1] INFO GeneralLogs - Iniciando Servicio Actualizaciones Xtam Windows...
 2023-02-20 13:20:21,364 [7] INFO GeneralLogs - Inicio procesamiento busqueda de actualizaciones 20/02/2023/ 13:20:21
 2023-02-20 13:21:28,980 [1] INFO GeneralLogs - Iniciando Servicio Actualizaciones Xtam Windows...
 2023-02-20 13:21:49,133 [7] INFO GeneralLogs - Inicio procesamiento busqueda de actualizaciones 20/02/2023/ 13:21:49
 2023-02-20 13:22:35,826 [1] INFO GeneralLogs - Iniciando Servicio Actualizaciones Xtam Windows...
 2023-02-20 13:22:55,964 [7] INFO GeneralLogs - Inicio procesamiento busqueda de actualizaciones 20/02/2023/ 13:22:55
 2023-02-20 13:23:49,476 [1] INFO GeneralLogs - Iniciando Servicio Actualizaciones Xtam Windows...
 2023-02-20 13:24:09,642 [5] INFO GeneralLogs - Inicio procesamiento busqueda de actualizaciones 20/02/2023/ 13:24:09
 2023-02-20 13:26:48,855 [1] INFO GeneralLogs - Iniciando Servicio Actualizaciones Xtam Windows...
 2023-02-20 13:27:09,028 [7] INFO GeneralLogs - Inicio procesamiento busqueda de actualizaciones 20/02/2023/ 13:27:09
 2023-02-20 13:33:30,904 [1] INFO GeneralLogs - Iniciando Servicio Actualizaciones Xtam Windows...
 2023-02-20 13:33:51,090 [7] INFO GeneralLogs - Inicio procesamiento busqueda de actualizaciones 20/02/2023/ 13:33:51
 2023-02-20 13:37:39,142 [1] INFO GeneralLogs - Iniciando Servicio Actualizaciones Xtam Windows...
 2023-02-20 13:37:59,302 [4] INFO GeneralLogs - Inicio procesamiento busqueda de actualizaciones 20/02/2023/ 13:37:59
 2023-02-20 13:46:40,849 [1] INFO GeneralLogs - Iniciando Servicio Actualizaciones Xtam Windows...
 2023-02-20 13:47:01,004 [7] INFO GeneralLogs - Inicio procesamiento busqueda de actualizaciones 20/02/2023/ 13:47:01
 2023-02-20 13:47:32,324 [1] INFO GeneralLogs - Iniciando Servicio Actualizaciones Xtam Windows...
 2023-02-20 13:47:52,524 [7] INFO GeneralLogs - Inicio procesamiento busqueda de actualizaciones 20/02/2023/ 13:47:52
 2023-02-20 13:50:34,463 [1] INFO GeneralLogs - Iniciando Servicio Actualizaciones Xtam Windows...
 2023-02-20 13:50:54,630 [4] INFO GeneralLogs - Inicio procesamiento busqueda de actualizaciones 20/02/2023/ 13:50:54
 2023-02-20 13:52:22,873 [1] INFO GeneralLogs - Iniciando Servicio Actualizaciones Xtam Windows...
 2023-02-20 13:52:43,049 [4] INFO GeneralLogs - Inicio procesamiento busqueda de actualizaciones 20/02/2023/ 13:52:43
 2023-02-20 13:53:02,379 [1] INFO GeneralLogs - Iniciando Servicio Actualizaciones Xtam Windows...
 2023-02-20 13:53:22,533 [5] INFO GeneralLogs - Inicio procesamiento busqueda de actualizaciones 20/02/2023/ 13:53:22
 2023-02-20 13:53:22,784 [5] INFO GeneralLogs - Se llevo a cabo la actualizacion de manera correcta 
 2023-02-20 13:57:54,119 [1] INFO GeneralLogs - Iniciando Servicio Actualizaciones Xtam Windows...
 2023-02-20 13:58:14,269 [7] INFO GeneralLogs - Inicio procesamiento busqueda de actualizaciones 20/02/2023/ 13:58:14
 2023-02-20 13:58:14,528 [7] INFO GeneralLogs - Se llevo a cabo la actualizacion de manera correcta 
 2023-02-20 14:00:41,344 [1] INFO GeneralLogs - Iniciando Servicio Actualizaciones Xtam Windows...
 2023-02-20 14:01:01,535 [7] INFO GeneralLogs - Inicio procesamiento busqueda de actualizaciones 20/02/2023/ 14:01:01
 2023-02-20 14:01:15,554 [1] INFO GeneralLogs - Iniciando Servicio Actualizaciones Xtam Windows...
 2023-02-20 14:01:35,716 [7] INFO GeneralLogs - Inicio procesamiento busqueda de actualizaciones 20/02/2023/ 14:01:35
 2023-02-20 14:01:35,958 [7] INFO GeneralLogs - Se llevo a cabo la actualizacion de manera correcta 
 2023-02-20 14:05:11,494 [1] INFO GeneralLogs - Iniciando Servicio Actualizaciones Xtam Windows...
 2023-02-20 14:05:31,660 [4] INFO GeneralLogs - Inicio procesamiento busqueda de actualizaciones 20/02/2023/ 14:05:31
 2023-02-20 14:05:46,029 [1] INFO GeneralLogs - Iniciando Servicio Actualizaciones Xtam Windows...
 2023-02-20 14:06:06,185 [4] INFO GeneralLogs - Inicio procesamiento busqueda de actualizaciones 20/02/2023/ 14:06:06
 2023-02-20 14:51:52,964 [1] INFO GeneralLogs - Iniciando Servicio Actualizaciones Xtam Windows...
 2023-02-20 14:52:20,430 [4] INFO GeneralLogs - Inicio procesamiento busqueda de actualizaciones 20/02/2023/ 14:52:20
 2023-02-20 14:54:05,875 [1] INFO GeneralLogs - Iniciando Servicio Actualizaciones Xtam Windows...
 2023-02-20 14:55:13,017 [4] INFO GeneralLogs - Inicio procesamiento busqueda de actualizaciones 20/02/2023/ 14:55:13
 2023-02-20 15:15:13,557 [1] INFO GeneralLogs - Iniciando Servicio Actualizaciones Xtam Windows...
 2023-02-20 15:15:37,527 [7] INFO GeneralLogs - Inicio procesamiento busqueda de actualizaciones 20/02/2023/ 15:15:37
 2023-02-20 15:15:40,063 [7] INFO GeneralLogs - Se llevo a cabo la actualizacion de manera correcta 
 2023-02-20 15:18:05,481 [1] INFO GeneralLogs - Iniciando Servicio Actualizaciones Xtam Windows...
 2023-02-20 15:18:46,479 [4] INFO GeneralLogs - Inicio procesamiento busqueda de actualizaciones 20/02/2023/ 15:18:46
 2023-02-20 15:19:11,296 [1] INFO GeneralLogs - Iniciando Servicio Actualizaciones Xtam Windows...
 2023-02-20 15:19:31,684 [5] INFO GeneralLogs - Inicio procesamiento busqueda de actualizaciones 20/02/2023/ 15:19:31
 2023-02-20 15:22:39,486 [1] INFO GeneralLogs - Iniciando Servicio Actualizaciones Xtam Windows...
 2023-02-20 15:22:59,686 [4] INFO GeneralLogs - Inicio procesamiento busqueda de actualizaciones 20/02/2023/ 15:22:59
 2023-02-20 15:25:20,497 [1] INFO GeneralLogs - Iniciando Servicio Actualizaciones Xtam Windows...
 2023-02-20 15:25:40,681 [4] INFO GeneralLogs - Inicio procesamiento busqueda de actualizaciones 20/02/2023/ 15:25:40
 2023-02-20 15:26:52,287 [1] INFO GeneralLogs - Iniciando Servicio Actualizaciones Xtam Windows...
 2023-02-20 15:27:12,577 [5] INFO GeneralLogs - Inicio procesamiento busqueda de actualizaciones 20/02/2023/ 15:27:12
 2023-02-20 15:27:13,114 [5] INFO GeneralLogs - El quipo con la siguiente ip; 127.0.0.1 no tiene actualizaciones disponibles 20/02/2023/ 15:27:13
 2023-02-20 15:28:47,108 [1] INFO GeneralLogs - Iniciando Servicio Actualizaciones Xtam Windows...
 2023-02-20 15:29:07,393 [4] INFO GeneralLogs - Inicio procesamiento busqueda de actualizaciones 20/02/2023/ 15:29:07
 2023-02-20 15:30:58,230 [1] INFO GeneralLogs - Iniciando Servicio Actualizaciones Xtam Windows...
 2023-02-20 15:31:18,439 [5] INFO GeneralLogs - Inicio procesamiento busqueda de actualizaciones 20/02/2023/ 15:31:18
 2023-02-20 15:38:50,158 [1] INFO GeneralLogs - Iniciando Servicio Actualizaciones Xtam Windows...
 2023-02-20 15:39:10,345 [5] INFO GeneralLogs - Inicio procesamiento busqueda de actualizaciones 20/02/2023/ 15:39:10
 2023-02-20 15:41:28,726 [1] INFO GeneralLogs - Iniciando Servicio Actualizaciones Xtam Windows...
 2023-02-20 15:41:48,968 [4] INFO GeneralLogs - Inicio procesamiento busqueda de actualizaciones 20/02/2023/ 15:41:48
 2023-02-20 15:42:59,810 [1] INFO GeneralLogs - Iniciando Servicio Actualizaciones Xtam Windows...
 2023-02-20 15:43:19,991 [7] INFO GeneralLogs - Inicio procesamiento busqueda de actualizaciones 20/02/2023/ 15:43:19
 2023-02-20 15:45:07,659 [1] INFO GeneralLogs - Iniciando Servicio Actualizaciones Xtam Windows...
 2023-02-20 15:45:27,840 [7] INFO GeneralLogs - Inicio procesamiento busqueda de actualizaciones 20/02/2023/ 15:45:27
 2023-02-20 15:45:28,341 [7] INFO GeneralLogs - El quipo con la siguiente ip; 127.0.0.1 no tiene actualizaciones disponibles 20/02/2023/ 15:45:28
 2023-02-20 15:46:50,340 [1] INFO GeneralLogs - Iniciando Servicio Actualizaciones Xtam Windows...
 2023-02-20 15:47:10,626 [7] INFO GeneralLogs - Inicio procesamiento busqueda de actualizaciones 20/02/2023/ 15:47:10
 2023-02-20 15:47:11,038 [7] INFO GeneralLogs - El quipo con la siguiente ip; 127.0.0.1 no tiene actualizaciones disponibles 20/02/2023/ 15:47:11
 2023-02-20 15:49:22,470 [1] INFO GeneralLogs - Iniciando Servicio Actualizaciones Xtam Windows...
 2023-02-20 15:49:42,718 [7] INFO GeneralLogs - Inicio procesamiento busqueda de actualizaciones 20/02/2023/ 15:49:42
 2023-02-20 15:49:43,114 [7] INFO GeneralLogs - El quipo con la siguiente ip; 127.0.0.1 no tiene actualizaciones disponibles 20/02/2023/ 15:49:43
 2023-02-20 15:51:51,670 [1] INFO GeneralLogs - Iniciando Servicio Actualizaciones Xtam Windows...
 2023-02-20 15:52:11,867 [7] INFO GeneralLogs - Inicio procesamiento busqueda de actualizaciones 20/02/2023/ 15:52:11
 2023-02-20 15:54:51,369 [1] INFO GeneralLogs - Iniciando Servicio Actualizaciones Xtam Windows...
 2023-02-20 15:55:11,557 [7] INFO GeneralLogs - Inicio procesamiento busqueda de actualizaciones 20/02/2023/ 15:55:11
 2023-02-20 15:55:12,132 [7] INFO GeneralLogs - Se llevo a cabo la actualizacion de manera correcta 
 2023-02-20 15:59:23,541 [1] INFO GeneralLogs - Iniciando Servicio Actualizaciones Xtam Windows...
 2023-02-20 15:59:43,930 [4] INFO GeneralLogs - Inicio procesamiento busqueda de actualizaciones 20/02/2023/ 15:59:43
 2023-02-20 15:59:44,645 [4] INFO GeneralLogs - Se llevo a cabo la actualizacion de manera correcta 
 2023-02-28 14:32:28,759 [1] INFO GeneralLogs - Iniciando Servicio Actualizaciones Xtam Windows...
 2023-02-28 14:32:48,960 [7] INFO GeneralLogs - Inicio procesamiento busqueda de actualizaciones 28/02/2023/ 14:32:48
 2023-02-28 14:34:32,487 [1] INFO GeneralLogs - Iniciando Servicio Actualizaciones Xtam Windows...
 2023-02-28 14:34:52,679 [5] INFO GeneralLogs - Inicio procesamiento busqueda de actualizaciones 28/02/2023/ 14:34:52
 2023-02-28 14:37:29,457 [1] INFO GeneralLogs - Iniciando Servicio Actualizaciones Xtam Windows...
 2023-02-28 14:38:46,791 [1] INFO GeneralLogs - Iniciando Servicio Actualizaciones Xtam Windows...
 2023-02-28 14:39:06,934 [7] INFO GeneralLogs - Inicio procesamiento busqueda de actualizaciones 28/02/2023/ 14:39:06
 2023-02-28 14:39:07,155 [7] INFO GeneralLogs - El quipo con la siguiente ip; 127.0.0.1 no tiene actualizaciones disponibles 28/02/2023/ 14:39:07
 2023-02-28 14:42:18,588 [1] INFO GeneralLogs - Iniciando Servicio Actualizaciones Xtam Windows...
 2023-02-28 14:42:38,743 [5] INFO GeneralLogs - Inicio procesamiento busqueda de actualizaciones 28/02/2023/ 14:42:38
 2023-02-28 14:44:01,604 [1] INFO GeneralLogs - Iniciando Servicio Actualizaciones Xtam Windows...
 2023-02-28 14:44:21,747 [5] INFO GeneralLogs - Inicio procesamiento busqueda de actualizaciones 28/02/2023/ 14:44:21
 2023-02-28 14:44:22,014 [5] INFO GeneralLogs - Se llevo a cabo la actualizacion de manera correcta 
 2023-02-28 15:18:54,510 [1] INFO GeneralLogs - Iniciando Servicio Actualizaciones Xtam Windows...
 2023-02-28 15:19:14,744 [7] INFO GeneralLogs - Inicio procesamiento busqueda de actualizaciones 28/02/2023/ 15:19:14
 2023-02-28 15:19:15,230 [7] INFO GeneralLogs - Se llevo a cabo la actualizacion de manera correcta 
 2023-02-28 15:27:27,105 [1] INFO GeneralLogs - Iniciando Servicio Actualizaciones Xtam Windows...
 2023-02-28 15:27:47,294 [7] INFO GeneralLogs - Inicio procesamiento busqueda de actualizaciones 28/02/2023/ 15:27:47
 2023-02-28 15:27:47,748 [7] INFO GeneralLogs - Se llevo a cabo la actualizacion de manera correcta 
 